2019-02-05 09:09:30.744  INFO 19244 --- [restartedMain] o.s.s.petclinic.PetClinicApplication     : Starting PetClinicApplication on jet-OMEN with PID 19244 (/home/jet/eclipse-workspace/team_85/Experiments/jetj/Spring/target/classes started by jet in /home/jet/eclipse-workspace/team_85/Experiments/jetj/Spring)
2019-02-05 09:09:30.748  INFO 19244 --- [restartedMain] o.s.s.petclinic.PetClinicApplication     : No active profile set, falling back to default profiles: default
2019-02-05 09:09:30.859  INFO 19244 --- [restartedMain] ConfigServletWebServerApplicationContext : Refreshing org.springframework.boot.web.servlet.context.AnnotationConfigServletWebServerApplicationContext@1061d1a4: startup date [Tue Feb 05 09:09:30 CST 2019]; root of context hierarchy
2019-02-05 09:09:32.925  INFO 19244 --- [restartedMain] trationDelegate$BeanPostProcessorChecker : Bean 'org.springframework.transaction.annotation.ProxyTransactionManagementConfiguration' of type [org.springframework.transaction.annotation.ProxyTransactionManagementConfiguration$$EnhancerBySpringCGLIB$$fc4d07d2] is not eligible for getting processed by all BeanPostProcessors (for example: not eligible for auto-proxying)
2019-02-05 09:09:33.355  INFO 19244 --- [restartedMain] o.s.b.w.embedded.tomcat.TomcatWebServer  : Tomcat initialized with port(s): 8080 (http)
2019-02-05 09:09:33.404  INFO 19244 --- [restartedMain] o.apache.catalina.core.StandardService   : Starting service [Tomcat]
2019-02-05 09:09:33.405  INFO 19244 --- [restartedMain] org.apache.catalina.core.StandardEngine  : Starting Servlet Engine: Apache Tomcat/8.5.28
2019-02-05 09:09:33.408  INFO 19244 --- [localhost-startStop-1] o.a.catalina.core.AprLifecycleListener   : The APR based Apache Tomcat Native library which allows optimal performance in production environments was not found on the java.library.path: [/usr/java/packages/lib:/usr/lib/x86_64-linux-gnu/jni:/lib/x86_64-linux-gnu:/usr/lib/x86_64-linux-gnu:/usr/lib/jni:/lib:/usr/lib]
2019-02-05 09:09:33.496  INFO 19244 --- [localhost-startStop-1] o.a.c.c.C.[Tomcat].[localhost].[/]       : Initializing Spring embedded WebApplicationContext
2019-02-05 09:09:33.498  INFO 19244 --- [localhost-startStop-1] o.s.web.context.ContextLoader            : Root WebApplicationContext: initialization completed in 2638 ms
2019-02-05 09:09:34.201  INFO 19244 --- [localhost-startStop-1] o.s.b.w.servlet.ServletRegistrationBean  : Servlet dispatcherServlet mapped to [/]
2019-02-05 09:09:34.204  INFO 19244 --- [localhost-startStop-1] o.s.b.w.servlet.FilterRegistrationBean   : Mapping filter: 'characterEncodingFilter' to: [/*]
2019-02-05 09:09:34.204  INFO 19244 --- [localhost-startStop-1] o.s.b.w.servlet.FilterRegistrationBean   : Mapping filter: 'hiddenHttpMethodFilter' to: [/*]
2019-02-05 09:09:34.204  INFO 19244 --- [localhost-startStop-1] o.s.b.w.servlet.FilterRegistrationBean   : Mapping filter: 'httpPutFormContentFilter' to: [/*]
2019-02-05 09:09:34.204  INFO 19244 --- [localhost-startStop-1] o.s.b.w.servlet.FilterRegistrationBean   : Mapping filter: 'requestContextFilter' to: [/*]
2019-02-05 09:09:34.204  INFO 19244 --- [localhost-startStop-1] o.s.b.w.servlet.FilterRegistrationBean   : Mapping filter: 'httpTraceFilter' to: [/*]
2019-02-05 09:09:34.205  INFO 19244 --- [localhost-startStop-1] o.s.b.w.servlet.FilterRegistrationBean   : Mapping filter: 'webMvcMetricsFilter' to: [/*]
2019-02-05 09:09:34.336  INFO 19244 --- [restartedMain] com.zaxxer.hikari.HikariDataSource       : HikariPool-1 - Starting...
2019-02-05 09:09:34.585  INFO 19244 --- [restartedMain] com.zaxxer.hikari.HikariDataSource       : HikariPool-1 - Start completed.
2019-02-05 09:09:34.648  INFO 19244 --- [restartedMain] j.LocalContainerEntityManagerFactoryBean : Building JPA container EntityManagerFactory for persistence unit 'default'
2019-02-05 09:09:34.669  INFO 19244 --- [restartedMain] o.hibernate.jpa.internal.util.LogHelper  : HHH000204: Processing PersistenceUnitInfo [
	name: default
	...]
2019-02-05 09:09:34.738  INFO 19244 --- [restartedMain] org.hibernate.Version                    : HHH000412: Hibernate Core {5.2.14.Final}
2019-02-05 09:09:34.739  INFO 19244 --- [restartedMain] org.hibernate.cfg.Environment            : HHH000206: hibernate.properties not found
2019-02-05 09:09:34.767  INFO 19244 --- [restartedMain] o.hibernate.annotations.common.Version   : HCANN000001: Hibernate Commons Annotations {5.0.1.Final}
2019-02-05 09:09:34.871  INFO 19244 --- [restartedMain] org.hibernate.dialect.Dialect            : HHH000400: Using dialect: org.hibernate.dialect.MySQL5Dialect
2019-02-05 09:09:35.450  INFO 19244 --- [restartedMain] o.h.t.schema.internal.SchemaCreatorImpl  : HHH000476: Executing import script 'org.hibernate.tool.schema.internal.exec.ScriptSourceInputNonExistentImpl@493f1525'
2019-02-05 09:09:35.474  INFO 19244 --- [restartedMain] j.LocalContainerEntityManagerFactoryBean : Initialized JPA EntityManagerFactory for persistence unit 'default'
2019-02-05 09:09:36.212  INFO 19244 --- [restartedMain] s.w.s.m.m.a.RequestMappingHandlerAdapter : Looking for @ControllerAdvice: org.springframework.boot.web.servlet.context.AnnotationConfigServletWebServerApplicationContext@1061d1a4: startup date [Tue Feb 05 09:09:30 CST 2019]; root of context hierarchy
2019-02-05 09:09:36.245  WARN 19244 --- [restartedMain] aWebConfiguration$JpaWebMvcConfiguration : spring.jpa.open-in-view is enabled by default. Therefore, database queries may be performed during view rendering. Explicitly configure spring.jpa.open-in-view to disable this warning
2019-02-05 09:09:36.286  INFO 19244 --- [restartedMain] s.w.s.m.m.a.RequestMappingHandlerMapping : Mapped "{[/owners/new],methods=[POST]}" onto public java.lang.String org.springframework.samples.petclinic.owner.OwnerController.saveOwner(org.springframework.samples.petclinic.owner.Owners)
2019-02-05 09:09:36.287  INFO 19244 --- [restartedMain] s.w.s.m.m.a.RequestMappingHandlerMapping : Mapped "{[/owners],methods=[GET]}" onto public java.util.List<org.springframework.samples.petclinic.owner.Owners> org.springframework.samples.petclinic.owner.OwnerController.getAllOwners()
2019-02-05 09:09:36.287  INFO 19244 --- [restartedMain] s.w.s.m.m.a.RequestMappingHandlerMapping : Mapped "{[/owners/{ownerId}],methods=[GET]}" onto public java.util.Optional<org.springframework.samples.petclinic.owner.Owners> org.springframework.samples.petclinic.owner.OwnerController.findOwnerById(int)
2019-02-05 09:09:36.287  INFO 19244 --- [restartedMain] s.w.s.m.m.a.RequestMappingHandlerMapping : Mapped "{[/oups],methods=[GET]}" onto public java.lang.String org.springframework.samples.petclinic.system.CrashController.triggerException()
2019-02-05 09:09:36.289  INFO 19244 --- [restartedMain] s.w.s.m.m.a.RequestMappingHandlerMapping : Mapped "{[/],methods=[GET]}" onto public java.lang.String org.springframework.samples.petclinic.system.WelcomeController.welcome()
2019-02-05 09:09:36.293  INFO 19244 --- [restartedMain] s.w.s.m.m.a.RequestMappingHandlerMapping : Mapped "{[/error]}" onto public org.springframework.http.ResponseEntity<java.util.Map<java.lang.String, java.lang.Object>> org.springframework.boot.autoconfigure.web.servlet.error.BasicErrorController.error(javax.servlet.http.HttpServletRequest)
2019-02-05 09:09:36.294  INFO 19244 --- [restartedMain] s.w.s.m.m.a.RequestMappingHandlerMapping : Mapped "{[/error],produces=[text/html]}" onto public org.springframework.web.servlet.ModelAndView org.springframework.boot.autoconfigure.web.servlet.error.BasicErrorController.errorHtml(javax.servlet.http.HttpServletRequest,javax.servlet.http.HttpServletResponse)
2019-02-05 09:09:36.337  INFO 19244 --- [restartedMain] o.s.w.s.handler.SimpleUrlHandlerMapping  : Mapped URL path [/webjars/**] onto handler of type [class org.springframework.web.servlet.resource.ResourceHttpRequestHandler]
2019-02-05 09:09:36.338  INFO 19244 --- [restartedMain] o.s.w.s.handler.SimpleUrlHandlerMapping  : Mapped URL path [/**] onto handler of type [class org.springframework.web.servlet.resource.ResourceHttpRequestHandler]
2019-02-05 09:09:36.385  INFO 19244 --- [restartedMain] o.s.w.s.handler.SimpleUrlHandlerMapping  : Mapped URL path [/**/favicon.ico] onto handler of type [class org.springframework.web.servlet.resource.ResourceHttpRequestHandler]
2019-02-05 09:09:36.760  INFO 19244 --- [restartedMain] o.s.b.d.a.OptionalLiveReloadServer       : LiveReload server is running on port 35729
2019-02-05 09:09:36.781  INFO 19244 --- [restartedMain] s.b.a.e.w.s.WebMvcEndpointHandlerMapping : Mapped "{[/actuator/health],methods=[GET],produces=[application/vnd.spring-boot.actuator.v2+json || application/json]}" onto public java.lang.Object org.springframework.boot.actuate.endpoint.web.servlet.AbstractWebMvcEndpointHandlerMapping$OperationHandler.handle(javax.servlet.http.HttpServletRequest,java.util.Map<java.lang.String, java.lang.String>)
2019-02-05 09:09:36.781  INFO 19244 --- [restartedMain] s.b.a.e.w.s.WebMvcEndpointHandlerMapping : Mapped "{[/actuator/info],methods=[GET],produces=[application/vnd.spring-boot.actuator.v2+json || application/json]}" onto public java.lang.Object org.springframework.boot.actuate.endpoint.web.servlet.AbstractWebMvcEndpointHandlerMapping$OperationHandler.handle(javax.servlet.http.HttpServletRequest,java.util.Map<java.lang.String, java.lang.String>)
2019-02-05 09:09:36.782  INFO 19244 --- [restartedMain] s.b.a.e.w.s.WebMvcEndpointHandlerMapping : Mapped "{[/actuator],methods=[GET],produces=[application/vnd.spring-boot.actuator.v2+json || application/json]}" onto protected java.util.Map<java.lang.String, java.util.Map<java.lang.String, org.springframework.boot.actuate.endpoint.web.Link>> org.springframework.boot.actuate.endpoint.web.servlet.WebMvcEndpointHandlerMapping.links(javax.servlet.http.HttpServletRequest,javax.servlet.http.HttpServletResponse)
2019-02-05 09:09:36.871  INFO 19244 --- [restartedMain] o.s.j.e.a.AnnotationMBeanExporter        : Registering beans for JMX exposure on startup
2019-02-05 09:09:36.872  INFO 19244 --- [restartedMain] o.s.j.e.a.AnnotationMBeanExporter        : Bean with name 'dataSource' has been autodetected for JMX exposure
2019-02-05 09:09:36.880  INFO 19244 --- [restartedMain] o.s.j.e.a.AnnotationMBeanExporter        : Located MBean 'dataSource': registering with JMX server as MBean [com.zaxxer.hikari:name=dataSource,type=HikariDataSource]
2019-02-05 09:09:36.912  INFO 19244 --- [restartedMain] o.s.b.w.embedded.tomcat.TomcatWebServer  : Tomcat started on port(s): 8080 (http) with context path ''
2019-02-05 09:09:36.914  INFO 19244 --- [restartedMain] o.s.s.petclinic.PetClinicApplication     : Started PetClinicApplication in 6.872 seconds (JVM running for 7.902)
2019-02-05 09:09:48.452  INFO 19244 --- [http-nio-8080-exec-1] o.a.c.c.C.[Tomcat].[localhost].[/]       : Initializing Spring FrameworkServlet 'dispatcherServlet'
2019-02-05 09:09:48.453  INFO 19244 --- [http-nio-8080-exec-1] o.s.web.servlet.DispatcherServlet        : FrameworkServlet 'dispatcherServlet': initialization started
2019-02-05 09:09:48.488  INFO 19244 --- [http-nio-8080-exec-1] o.s.web.servlet.DispatcherServlet        : FrameworkServlet 'dispatcherServlet': initialization completed in 34 ms
2019-02-05 09:09:48.538  INFO 19244 --- [http-nio-8080-exec-1] o.s.s.petclinic.owner.OwnerController    : Entered into Controller Layer
2019-02-05 09:13:54.918  INFO 19244 --- [http-nio-8080-exec-4] o.s.s.petclinic.owner.OwnerController    : Entered into Controller Layer
2019-02-05 09:18:59.250  INFO 19244 --- [RMI TCP Connection(23)-127.0.0.1] inMXBeanRegistrar$SpringApplicationAdmin : Application shutdown requested.
2019-02-05 09:18:59.251  INFO 19244 --- [RMI TCP Connection(23)-127.0.0.1] ConfigServletWebServerApplicationContext : Closing org.springframework.boot.web.servlet.context.AnnotationConfigServletWebServerApplicationContext@1061d1a4: startup date [Tue Feb 05 09:09:30 CST 2019]; root of context hierarchy
2019-02-05 09:18:59.254  INFO 19244 --- [RMI TCP Connection(23)-127.0.0.1] o.s.j.e.a.AnnotationMBeanExporter        : Unregistering JMX-exposed beans on shutdown
2019-02-05 09:18:59.255  INFO 19244 --- [RMI TCP Connection(23)-127.0.0.1] o.s.j.e.a.AnnotationMBeanExporter        : Unregistering JMX-exposed beans
2019-02-05 09:18:59.256  INFO 19244 --- [RMI TCP Connection(23)-127.0.0.1] j.LocalContainerEntityManagerFactoryBean : Closing JPA EntityManagerFactory for persistence unit 'default'
2019-02-05 09:18:59.257  INFO 19244 --- [RMI TCP Connection(23)-127.0.0.1] com.zaxxer.hikari.HikariDataSource       : HikariPool-1 - Shutdown initiated...
2019-02-05 09:18:59.264  INFO 19244 --- [RMI TCP Connection(23)-127.0.0.1] com.zaxxer.hikari.HikariDataSource       : HikariPool-1 - Shutdown completed.
